This file contains any messages produced by compilers while
running configure, to aid debugging if configure makes a mistake.

It was created by java-front configure 0.9.1, which was
generated by GNU Autoconf 2.64.  Invocation command line was

  $ ./configure --prefix=/usr --with-aterm=/usr --with-sdf=/usr --with-strategoxt=/usr --enable-bootstrap

## --------- ##
## Platform. ##
## --------- ##

hostname = dell
uname -m = i686
uname -r = 2.6.31-21-generic
uname -s = Linux
uname -v = #59-Ubuntu SMP Wed Mar 24 07:28:56 UTC 2010

/usr/bin/uname -p = unknown
/bin/uname -X     = unknown

/bin/arch              = unknown
/usr/bin/arch -k       = unknown
/usr/convex/getsysinfo = unknown
/usr/bin/hostinfo      = unknown
/bin/machine           = unknown
/usr/bin/oslevel       = unknown
/bin/universe          = unknown

PATH: /home/toka/bin
PATH: /usr/local/sbin
PATH: /usr/local/bin
PATH: /usr/sbin
PATH: /usr/bin
PATH: /sbin
PATH: /bin
PATH: /usr/games


## ----------- ##
## Core tests. ##
## ----------- ##

configure:2725: checking for a BSD-compatible install
configure:2793: result: /usr/bin/install -c
configure:2804: checking whether build environment is sane
configure:2854: result: yes
configure:2995: checking for a thread-safe mkdir -p
configure:3034: result: /bin/mkdir -p
configure:3047: checking for gawk
configure:3063: found /usr/bin/gawk
configure:3074: result: gawk
configure:3085: checking whether make sets $(MAKE)
configure:3107: result: yes
configure:3190: checking for the SVN revision of the source tree
configure:3196: result: 20986
configure:3232: checking build system type
configure:3246: result: i686-pc-linux-gnu
configure:3266: checking host system type
configure:3279: result: i686-pc-linux-gnu
configure:3306: checking whether host operating system is Darwin
configure:3314: result: no
configure:3328: checking if linker needs extra options for Stratego programs
configure:3335: result: no
configure:3351: checking for style of include used by make
configure:3379: result: GNU
configure:3449: checking for gcc
configure:3465: found /usr/bin/gcc
configure:3476: result: gcc
configure:3705: checking for C compiler version
configure:3714: gcc --version >&5
gcc (Ubuntu 4.4.1-4ubuntu9) 4.4.1
Copyright (C) 2009 Free Software Foundation, Inc.
This is free software; see the source for copying conditions.  There is NO
warranty; not even for MERCHANTABILITY or FITNESS FOR A PARTICULAR PURPOSE.

configure:3725: $? = 0
configure:3714: gcc -v >&5
Using built-in specs.
Target: i486-linux-gnu
Configured with: ../src/configure -v --with-pkgversion='Ubuntu 4.4.1-4ubuntu9' --with-bugurl=file:///usr/share/doc/gcc-4.4/README.Bugs --enable-languages=c,c++,fortran,objc,obj-c++ --prefix=/usr --enable-shared --enable-multiarch --enable-linker-build-id --with-system-zlib --libexecdir=/usr/lib --without-included-gettext --enable-threads=posix --with-gxx-include-dir=/usr/include/c++/4.4 --program-suffix=-4.4 --enable-nls --enable-clocale=gnu --enable-libstdcxx-debug --enable-objc-gc --enable-targets=all --disable-werror --with-arch-32=i486 --with-tune=generic --enable-checking=release --build=i486-linux-gnu --host=i486-linux-gnu --target=i486-linux-gnu
Thread model: posix
gcc version 4.4.1 (Ubuntu 4.4.1-4ubuntu9) 
configure:3725: $? = 0
configure:3714: gcc -V >&5
gcc: '-V' option must have argument
configure:3725: $? = 1
configure:3714: gcc -qversion >&5
gcc: unrecognized option '-qversion'
gcc: no input files
configure:3725: $? = 1
configure:3747: checking for C compiler default output file name
configure:3769: gcc    conftest.c  >&5
configure:3773: $? = 0
configure:3810: result: a.out
configure:3826: checking whether the C compiler works
configure:3835: ./a.out
configure:3839: $? = 0
configure:3854: result: yes
configure:3861: checking whether we are cross compiling
configure:3863: result: no
configure:3866: checking for suffix of executables
configure:3873: gcc -o conftest    conftest.c  >&5
configure:3877: $? = 0
configure:3899: result: 
configure:3905: checking for suffix of object files
configure:3927: gcc -c   conftest.c >&5
configure:3931: $? = 0
configure:3952: result: o
configure:3956: checking whether we are using the GNU C compiler
configure:3975: gcc -c   conftest.c >&5
configure:3975: $? = 0
configure:3984: result: yes
configure:3993: checking whether gcc accepts -g
configure:4013: gcc -c -g  conftest.c >&5
configure:4013: $? = 0
configure:4054: result: yes
configure:4071: checking for gcc option to accept ISO C89
configure:4135: gcc  -c -g -O2  conftest.c >&5
configure:4135: $? = 0
configure:4148: result: none needed
configure:4170: checking dependency style of gcc
configure:4280: result: gcc3
configure:4314: checking for the standard to conform to
configure:4351: result: none
configure:4398: checking how to run the C preprocessor
configure:4429: gcc -E  conftest.c
configure:4429: $? = 0
configure:4443: gcc -E  conftest.c
conftest.c:12:28: error: ac_nonexistent.h: No such file or directory
configure:4443: $? = 1
configure: failed program was:
| /* confdefs.h */
| #define PACKAGE_NAME "java-front"
| #define PACKAGE_TARNAME "java-front"
| #define PACKAGE_VERSION "0.9.1"
| #define PACKAGE_STRING "java-front 0.9.1"
| #define PACKAGE_BUGREPORT "users@strategoxt.org"
| #define PACKAGE_URL ""
| #define PACKAGE "java-front"
| #define VERSION "0.9.1"
| #define SVN_REVISION "20986"
| /* end confdefs.h.  */
| #include <ac_nonexistent.h>
configure:4468: result: gcc -E
configure:4488: gcc -E  conftest.c
configure:4488: $? = 0
configure:4502: gcc -E  conftest.c
conftest.c:12:28: error: ac_nonexistent.h: No such file or directory
configure:4502: $? = 1
configure: failed program was:
| /* confdefs.h */
| #define PACKAGE_NAME "java-front"
| #define PACKAGE_TARNAME "java-front"
| #define PACKAGE_VERSION "0.9.1"
| #define PACKAGE_STRING "java-front 0.9.1"
| #define PACKAGE_BUGREPORT "users@strategoxt.org"
| #define PACKAGE_URL ""
| #define PACKAGE "java-front"
| #define VERSION "0.9.1"
| #define SVN_REVISION "20986"
| /* end confdefs.h.  */
| #include <ac_nonexistent.h>
configure:4531: checking for grep that handles long lines and -e
configure:4589: result: /bin/grep
configure:4594: checking for egrep
configure:4656: result: /bin/grep -E
configure:4661: checking for ANSI C header files
configure:4681: gcc -c -g -O2  conftest.c >&5
configure:4681: $? = 0
configure:4754: gcc -o conftest -g -O2   conftest.c  >&5
configure:4754: $? = 0
configure:4754: ./conftest
configure:4754: $? = 0
configure:4765: result: yes
configure:4778: checking for sys/types.h
configure:4778: gcc -c -g -O2  conftest.c >&5
configure:4778: $? = 0
configure:4778: result: yes
configure:4778: checking for sys/stat.h
configure:4778: gcc -c -g -O2  conftest.c >&5
configure:4778: $? = 0
configure:4778: result: yes
configure:4778: checking for stdlib.h
configure:4778: gcc -c -g -O2  conftest.c >&5
configure:4778: $? = 0
configure:4778: result: yes
configure:4778: checking for string.h
configure:4778: gcc -c -g -O2  conftest.c >&5
configure:4778: $? = 0
configure:4778: result: yes
configure:4778: checking for memory.h
configure:4778: gcc -c -g -O2  conftest.c >&5
configure:4778: $? = 0
configure:4778: result: yes
configure:4778: checking for strings.h
configure:4778: gcc -c -g -O2  conftest.c >&5
configure:4778: $? = 0
configure:4778: result: yes
configure:4778: checking for inttypes.h
configure:4778: gcc -c -g -O2  conftest.c >&5
configure:4778: $? = 0
configure:4778: result: yes
configure:4778: checking for stdint.h
configure:4778: gcc -c -g -O2  conftest.c >&5
configure:4778: $? = 0
configure:4778: result: yes
configure:4778: checking for unistd.h
configure:4778: gcc -c -g -O2  conftest.c >&5
configure:4778: $? = 0
configure:4778: result: yes
configure:4796: checking size of void *
configure:4801: gcc -o conftest -g -O2   conftest.c  >&5
configure:4801: $? = 0
configure:4801: ./conftest
configure:4801: $? = 0
configure:4816: result: 4
configure:4830: checking size of int
configure:4835: gcc -o conftest -g -O2   conftest.c  >&5
configure:4835: $? = 0
configure:4835: ./conftest
configure:4835: $? = 0
configure:4850: result: 4
configure:4864: checking size of long
configure:4869: gcc -o conftest -g -O2   conftest.c  >&5
configure:4869: $? = 0
configure:4869: ./conftest
configure:4869: $? = 0
configure:4884: result: 4
configure:4898: checking size of double
configure:4903: gcc -o conftest -g -O2   conftest.c  >&5
configure:4903: $? = 0
configure:4903: ./conftest
configure:4903: $? = 0
configure:4918: result: 8
configure:5003: checking for pkg-config
configure:5021: found /usr/bin/pkg-config
configure:5033: result: /usr/bin/pkg-config
configure:5058: checking pkg-config is at least version 0.9.0
configure:5061: result: yes
configure:5096: checking whether location of Stratego/XT is explicitly set
configure:5099: result: yes
configure:5116: checking whether location of XTC is explicitly set
configure:5125: result: no
configure:5137: checking whether bootstrap build is enabled
configure:5140: result: yes
configure:5150: checking whether location of ATerm library is explicitly set
configure:5153: result: yes
configure:5161: checking for baffle at /usr/bin/baffle
configure:5165: result: yes
configure:5330: checking whether location of SDF Packages is explicitly set
configure:5333: result: yes
configure:5342: checking for sdf2table at /usr/bin/sdf2table
configure:5346: result: yes
configure:5359: checking for sglr at /usr/bin/sglr
configure:5363: result: yes
configure:5376: checking for implodePT at /usr/bin/implodePT
configure:5380: result: yes
configure:5390: checking for sdf-library at /usr/share/sdf-library
configure:5394: result: yes
configure:5568: checking whether location of Stratego Libraries is explicitly set
configure:5657: result: yes, using --with-strategoxt
configure:6940: checking whether location of XTC package is explicitly set
configure:6946: result: no
configure:6951: checking whether location of XTC package is set explicity by the location of Stratego/XT
configure:6954: result: yes
configure:7130: checking whether location of Stratego/XT is explicitly set
configure:7133: result: yes
configure:7141: checking for strc at /usr/bin/strc
configure:7145: result: yes
configure:7156: checking for pack-sdf at /usr/bin/pack-sdf
configure:7160: result: yes
configure:7171: checking for sdf2rtg at /usr/bin/sdf2rtg
configure:7175: result: yes
configure:9361: checking for gcc
configure:9388: result: gcc
configure:9617: checking for C compiler version
configure:9626: gcc --version >&5
gcc (Ubuntu 4.4.1-4ubuntu9) 4.4.1
Copyright (C) 2009 Free Software Foundation, Inc.
This is free software; see the source for copying conditions.  There is NO
warranty; not even for MERCHANTABILITY or FITNESS FOR A PARTICULAR PURPOSE.

configure:9637: $? = 0
configure:9626: gcc -v >&5
Using built-in specs.
Target: i486-linux-gnu
Configured with: ../src/configure -v --with-pkgversion='Ubuntu 4.4.1-4ubuntu9' --with-bugurl=file:///usr/share/doc/gcc-4.4/README.Bugs --enable-languages=c,c++,fortran,objc,obj-c++ --prefix=/usr --enable-shared --enable-multiarch --enable-linker-build-id --with-system-zlib --libexecdir=/usr/lib --without-included-gettext --enable-threads=posix --with-gxx-include-dir=/usr/include/c++/4.4 --program-suffix=-4.4 --enable-nls --enable-clocale=gnu --enable-libstdcxx-debug --enable-objc-gc --enable-targets=all --disable-werror --with-arch-32=i486 --with-tune=generic --enable-checking=release --build=i486-linux-gnu --host=i486-linux-gnu --target=i486-linux-gnu
Thread model: posix
gcc version 4.4.1 (Ubuntu 4.4.1-4ubuntu9) 
configure:9637: $? = 0
configure:9626: gcc -V >&5
gcc: '-V' option must have argument
configure:9637: $? = 1
configure:9626: gcc -qversion >&5
gcc: unrecognized option '-qversion'
gcc: no input files
configure:9637: $? = 1
configure:9641: checking whether we are using the GNU C compiler
configure:9669: result: yes
configure:9678: checking whether gcc accepts -g
configure:9739: result: yes
configure:9756: checking for gcc option to accept ISO C89
configure:9833: result: none needed
configure:9855: checking dependency style of gcc
configure:9965: result: gcc3
configure:9981: checking whether ln -s works
configure:9985: result: yes
configure:10017: checking for a sed that does not truncate output
configure:10081: result: /bin/sed
configure:10099: checking for fgrep
configure:10161: result: /bin/grep -F
configure:10196: checking for ld used by gcc
configure:10263: result: /usr/bin/ld
configure:10270: checking if the linker (/usr/bin/ld) is GNU ld
configure:10285: result: yes
configure:10297: checking for BSD- or MS-compatible name lister (nm)
configure:10346: result: /usr/bin/nm -B
configure:10464: checking the name lister (/usr/bin/nm -B) interface
configure:10471: gcc -c -g -O2  conftest.c >&5
configure:10474: /usr/bin/nm -B "conftest.o"
configure:10477: output
00000000 B some_variable
configure:10484: result: BSD nm
configure:10488: checking the maximum length of command line arguments
configure:10608: result: 1572864
configure:10625: checking whether the shell understands some XSI constructs
configure:10635: result: yes
configure:10639: checking whether the shell understands "+="
configure:10645: result: yes
configure:10680: checking for /usr/bin/ld option to reload object files
configure:10687: result: -r
configure:10756: checking for objdump
configure:10772: found /usr/bin/objdump
configure:10783: result: objdump
configure:10815: checking how to recognize dependent libraries
configure:11011: result: pass_all
configure:11071: checking for ar
configure:11087: found /usr/bin/ar
configure:11098: result: ar
configure:11176: checking for strip
configure:11192: found /usr/bin/strip
configure:11203: result: strip
configure:11275: checking for ranlib
configure:11291: found /usr/bin/ranlib
configure:11302: result: ranlib
configure:11392: checking command to parse /usr/bin/nm -B output from gcc object
configure:11510: gcc -c -g -O2  conftest.c >&5
configure:11513: $? = 0
configure:11517: /usr/bin/nm -B conftest.o \| sed -n -e 's/^.*[	 ]\([ABCDGIRSTW][ABCDGIRSTW]*\)[	 ][	 ]*\([_A-Za-z][_A-Za-z0-9]*\)$/\1 \2 \2/p' \> conftest.nm
configure:11520: $? = 0
configure:11574: gcc -o conftest -g -O2   conftest.c conftstm.o >&5
configure:11577: $? = 0
configure:11615: result: ok
configure:12420: checking for dlfcn.h
configure:12420: gcc -c -g -O2  conftest.c >&5
configure:12420: $? = 0
configure:12420: result: yes
configure:12604: checking for objdir
configure:12619: result: .libs
configure:12915: checking if gcc supports -fno-rtti -fno-exceptions
configure:12933: gcc -c -g -O2  -fno-rtti -fno-exceptions conftest.c >&5
cc1: warning: command line option "-fno-rtti" is valid for C++/ObjC++ but not for C
configure:12937: $? = 0
configure:12950: result: no
configure:12970: checking for gcc option to produce PIC
configure:13242: result: -fPIC -DPIC
configure:13254: checking if gcc PIC flag -fPIC -DPIC works
configure:13272: gcc -c -g -O2  -fPIC -DPIC -DPIC conftest.c >&5
configure:13276: $? = 0
configure:13289: result: yes
configure:13313: checking if gcc static flag -static works
configure:13341: result: yes
configure:13356: checking if gcc supports -c -o file.o
configure:13377: gcc -c -g -O2  -o out/conftest2.o conftest.c >&5
configure:13381: $? = 0
configure:13403: result: yes
configure:13411: checking if gcc supports -c -o file.o
configure:13458: result: yes
configure:13491: checking whether the gcc linker (/usr/bin/ld) supports shared libraries
configure:14481: result: yes
configure:14518: checking whether -lc should be explicitly linked in
configure:14523: gcc -c -g -O2  conftest.c >&5
configure:14526: $? = 0
configure:14541: gcc -shared conftest.o  -v -Wl,-soname -Wl,conftest -o conftest 2\>\&1 \| /bin/grep  -lc  \>/dev/null 2\>\&1
configure:14544: $? = 0
configure:14556: result: no
configure:14720: checking dynamic linker characteristics
configure:15153: gcc -o conftest -g -O2   -Wl,-rpath -Wl,/foo conftest.c  >&5
configure:15153: $? = 0
configure:15383: result: GNU/Linux ld.so
configure:15485: checking how to hardcode library paths into programs
configure:15510: result: immediate
configure:16030: checking whether stripping libraries is possible
configure:16035: result: yes
configure:16070: checking if libtool supports shared libraries
configure:16072: result: yes
configure:16075: checking whether to build shared libraries
configure:16096: result: yes
configure:16099: checking whether to build static libraries
configure:16103: result: yes
configure:16339: creating ./config.status

## ---------------------- ##
## Running config.status. ##
## ---------------------- ##

This file was extended by java-front config.status 0.9.1, which was
generated by GNU Autoconf 2.64.  Invocation command line was

  CONFIG_FILES    = 
  CONFIG_HEADERS  = 
  CONFIG_LINKS    = 
  CONFIG_COMMANDS = 
  $ ./config.status 

on dell

config.status:1105: creating java-front.spec
config.status:1105: creating java-front.pc
config.status:1105: creating Makefile
config.status:1105: creating news-archive/Makefile
config.status:1105: creating syntax-embedding/Makefile
config.status:1105: creating lib/Makefile
config.status:1105: creating tools/Makefile
config.status:1105: creating test/Makefile
config.status:1105: creating test/syn/Makefile
config.status:1105: creating test/syn/Java/Makefile
config.status:1105: creating test/syn/StrategoJava/Makefile
config.status:1105: creating test/gnu-classpath/Makefile
config.status:1105: creating test/gnu-classpath/v1.5/Makefile
config.status:1105: creating test/j2sdk/Makefile
config.status:1105: creating test/pp/Makefile
config.status:1268: executing depfiles commands
config.status:1268: executing libtool commands
configure:18431: === configuring in syntax (/home/toka/dv/parse/java-front-python/syntax)
configure:18494: running /bin/sh ./configure --disable-option-checking '--prefix=/usr'  '--with-aterm=/usr' '--with-sdf=/usr' '--with-strategoxt=/usr' '--enable-bootstrap' --cache-file=/dev/null --srcdir=.

## ---------------- ##
## Cache variables. ##
## ---------------- ##

ac_cv_build=i686-pc-linux-gnu
ac_cv_c_compiler_gnu=yes
ac_cv_env_ATERM_CFLAGS_set=
ac_cv_env_ATERM_CFLAGS_value=
ac_cv_env_ATERM_LIBS_set=
ac_cv_env_ATERM_LIBS_value=
ac_cv_env_ATERM_STRCFLAGS_set=
ac_cv_env_ATERM_STRCFLAGS_value=
ac_cv_env_ATERM_XTC_set=
ac_cv_env_ATERM_XTC_value=
ac_cv_env_CC_set=
ac_cv_env_CC_value=
ac_cv_env_CFLAGS_set=
ac_cv_env_CFLAGS_value=
ac_cv_env_CPPFLAGS_set=
ac_cv_env_CPPFLAGS_value=
ac_cv_env_CPP_set=
ac_cv_env_CPP_value=
ac_cv_env_C_TOOLS_CFLAGS_set=
ac_cv_env_C_TOOLS_CFLAGS_value=
ac_cv_env_C_TOOLS_LIBS_set=
ac_cv_env_C_TOOLS_LIBS_value=
ac_cv_env_C_TOOLS_STRCFLAGS_set=
ac_cv_env_C_TOOLS_STRCFLAGS_value=
ac_cv_env_C_TOOLS_XTC_set=
ac_cv_env_C_TOOLS_XTC_value=
ac_cv_env_LDFLAGS_set=
ac_cv_env_LDFLAGS_value=
ac_cv_env_LIBS_set=
ac_cv_env_LIBS_value=
ac_cv_env_PKG_CONFIG_set=
ac_cv_env_PKG_CONFIG_value=
ac_cv_env_SDF_CFLAGS_set=
ac_cv_env_SDF_CFLAGS_value=
ac_cv_env_SDF_LIBS_set=
ac_cv_env_SDF_LIBS_value=
ac_cv_env_SDF_STRCFLAGS_set=
ac_cv_env_SDF_STRCFLAGS_value=
ac_cv_env_SDF_XTC_set=
ac_cv_env_SDF_XTC_value=
ac_cv_env_STRATEGOXT_CFLAGS_set=
ac_cv_env_STRATEGOXT_CFLAGS_value=
ac_cv_env_STRATEGOXT_LIBS_set=
ac_cv_env_STRATEGOXT_LIBS_value=
ac_cv_env_STRATEGOXT_STRCFLAGS_set=
ac_cv_env_STRATEGOXT_STRCFLAGS_value=
ac_cv_env_STRATEGOXT_XTC_set=
ac_cv_env_STRATEGOXT_XTC_value=
ac_cv_env_STRATEGO_ATERM_CFLAGS_set=
ac_cv_env_STRATEGO_ATERM_CFLAGS_value=
ac_cv_env_STRATEGO_ATERM_LIBS_set=
ac_cv_env_STRATEGO_ATERM_LIBS_value=
ac_cv_env_STRATEGO_ATERM_STRCFLAGS_set=
ac_cv_env_STRATEGO_ATERM_STRCFLAGS_value=
ac_cv_env_STRATEGO_ATERM_XTC_set=
ac_cv_env_STRATEGO_ATERM_XTC_value=
ac_cv_env_STRATEGO_GPP_CFLAGS_set=
ac_cv_env_STRATEGO_GPP_CFLAGS_value=
ac_cv_env_STRATEGO_GPP_LIBS_set=
ac_cv_env_STRATEGO_GPP_LIBS_value=
ac_cv_env_STRATEGO_GPP_STRCFLAGS_set=
ac_cv_env_STRATEGO_GPP_STRCFLAGS_value=
ac_cv_env_STRATEGO_GPP_XTC_set=
ac_cv_env_STRATEGO_GPP_XTC_value=
ac_cv_env_STRATEGO_LIB_CFLAGS_set=
ac_cv_env_STRATEGO_LIB_CFLAGS_value=
ac_cv_env_STRATEGO_LIB_LIBS_set=
ac_cv_env_STRATEGO_LIB_LIBS_value=
ac_cv_env_STRATEGO_LIB_STRCFLAGS_set=
ac_cv_env_STRATEGO_LIB_STRCFLAGS_value=
ac_cv_env_STRATEGO_LIB_XTC_set=
ac_cv_env_STRATEGO_LIB_XTC_value=
ac_cv_env_STRATEGO_RTG_CFLAGS_set=
ac_cv_env_STRATEGO_RTG_CFLAGS_value=
ac_cv_env_STRATEGO_RTG_LIBS_set=
ac_cv_env_STRATEGO_RTG_LIBS_value=
ac_cv_env_STRATEGO_RTG_STRCFLAGS_set=
ac_cv_env_STRATEGO_RTG_STRCFLAGS_value=
ac_cv_env_STRATEGO_RTG_XTC_set=
ac_cv_env_STRATEGO_RTG_XTC_value=
ac_cv_env_STRATEGO_RUNTIME_CFLAGS_set=
ac_cv_env_STRATEGO_RUNTIME_CFLAGS_value=
ac_cv_env_STRATEGO_RUNTIME_LIBS_set=
ac_cv_env_STRATEGO_RUNTIME_LIBS_value=
ac_cv_env_STRATEGO_RUNTIME_STRCFLAGS_set=
ac_cv_env_STRATEGO_RUNTIME_STRCFLAGS_value=
ac_cv_env_STRATEGO_RUNTIME_XTC_set=
ac_cv_env_STRATEGO_RUNTIME_XTC_value=
ac_cv_env_STRATEGO_SDF_CFLAGS_set=
ac_cv_env_STRATEGO_SDF_CFLAGS_value=
ac_cv_env_STRATEGO_SDF_LIBS_set=
ac_cv_env_STRATEGO_SDF_LIBS_value=
ac_cv_env_STRATEGO_SDF_STRCFLAGS_set=
ac_cv_env_STRATEGO_SDF_STRCFLAGS_value=
ac_cv_env_STRATEGO_SDF_XTC_set=
ac_cv_env_STRATEGO_SDF_XTC_value=
ac_cv_env_STRATEGO_SGLR_CFLAGS_set=
ac_cv_env_STRATEGO_SGLR_CFLAGS_value=
ac_cv_env_STRATEGO_SGLR_LIBS_set=
ac_cv_env_STRATEGO_SGLR_LIBS_value=
ac_cv_env_STRATEGO_SGLR_STRCFLAGS_set=
ac_cv_env_STRATEGO_SGLR_STRCFLAGS_value=
ac_cv_env_STRATEGO_SGLR_XTC_set=
ac_cv_env_STRATEGO_SGLR_XTC_value=
ac_cv_env_STRATEGO_TOOL_DOC_CFLAGS_set=
ac_cv_env_STRATEGO_TOOL_DOC_CFLAGS_value=
ac_cv_env_STRATEGO_TOOL_DOC_LIBS_set=
ac_cv_env_STRATEGO_TOOL_DOC_LIBS_value=
ac_cv_env_STRATEGO_TOOL_DOC_STRCFLAGS_set=
ac_cv_env_STRATEGO_TOOL_DOC_STRCFLAGS_value=
ac_cv_env_STRATEGO_TOOL_DOC_XTC_set=
ac_cv_env_STRATEGO_TOOL_DOC_XTC_value=
ac_cv_env_STRATEGO_XTC_CFLAGS_set=
ac_cv_env_STRATEGO_XTC_CFLAGS_value=
ac_cv_env_STRATEGO_XTC_LIBS_set=
ac_cv_env_STRATEGO_XTC_LIBS_value=
ac_cv_env_STRATEGO_XTC_STRCFLAGS_set=
ac_cv_env_STRATEGO_XTC_STRCFLAGS_value=
ac_cv_env_STRATEGO_XTC_XTC_set=
ac_cv_env_STRATEGO_XTC_XTC_value=
ac_cv_env_XTC_CFLAGS_set=
ac_cv_env_XTC_CFLAGS_value=
ac_cv_env_XTC_LIBS_set=
ac_cv_env_XTC_LIBS_value=
ac_cv_env_XTC_STRCFLAGS_set=
ac_cv_env_XTC_STRCFLAGS_value=
ac_cv_env_XTC_XTC_set=
ac_cv_env_XTC_XTC_value=
ac_cv_env_build_alias_set=
ac_cv_env_build_alias_value=
ac_cv_env_host_alias_set=
ac_cv_env_host_alias_value=
ac_cv_env_target_alias_set=
ac_cv_env_target_alias_value=
ac_cv_header_dlfcn_h=yes
ac_cv_header_inttypes_h=yes
ac_cv_header_memory_h=yes
ac_cv_header_stdc=yes
ac_cv_header_stdint_h=yes
ac_cv_header_stdlib_h=yes
ac_cv_header_string_h=yes
ac_cv_header_strings_h=yes
ac_cv_header_sys_stat_h=yes
ac_cv_header_sys_types_h=yes
ac_cv_header_unistd_h=yes
ac_cv_host=i686-pc-linux-gnu
ac_cv_objext=o
ac_cv_path_EGREP='/bin/grep -E'
ac_cv_path_FGREP='/bin/grep -F'
ac_cv_path_GREP=/bin/grep
ac_cv_path_SED=/bin/sed
ac_cv_path_ac_pt_PKG_CONFIG=/usr/bin/pkg-config
ac_cv_path_install='/usr/bin/install -c'
ac_cv_path_mkdir=/bin/mkdir
ac_cv_prog_AWK=gawk
ac_cv_prog_CPP='gcc -E'
ac_cv_prog_ac_ct_AR=ar
ac_cv_prog_ac_ct_CC=gcc
ac_cv_prog_ac_ct_OBJDUMP=objdump
ac_cv_prog_ac_ct_RANLIB=ranlib
ac_cv_prog_ac_ct_STRIP=strip
ac_cv_prog_cc_c89=
ac_cv_prog_cc_g=yes
ac_cv_prog_make_make_set=yes
ac_cv_sizeof_double=8
ac_cv_sizeof_int=4
ac_cv_sizeof_long=4
ac_cv_sizeof_void_p=4
am_cv_CC_dependencies_compiler_type=gcc3
lt_cv_deplibs_check_method=pass_all
lt_cv_file_magic_cmd='$MAGIC_CMD'
lt_cv_file_magic_test_file=
lt_cv_ld_reload_flag=-r
lt_cv_nm_interface='BSD nm'
lt_cv_objdir=.libs
lt_cv_path_LD=/usr/bin/ld
lt_cv_path_NM='/usr/bin/nm -B'
lt_cv_prog_compiler_c_o=yes
lt_cv_prog_compiler_pic_works=yes
lt_cv_prog_compiler_rtti_exceptions=no
lt_cv_prog_compiler_static_works=yes
lt_cv_prog_gnu_ld=yes
lt_cv_sys_global_symbol_pipe='sed -n -e '\''s/^.*[	 ]\([ABCDGIRSTW][ABCDGIRSTW]*\)[	 ][	 ]*\([_A-Za-z][_A-Za-z0-9]*\)$/\1 \2 \2/p'\'''
lt_cv_sys_global_symbol_to_c_name_address='sed -n -e '\''s/^: \([^ ]*\) $/  {\"\1\", (void *) 0},/p'\'' -e '\''s/^[ABCDGIRSTW]* \([^ ]*\) \([^ ]*\)$/  {"\2", (void *) \&\2},/p'\'''
lt_cv_sys_global_symbol_to_c_name_address_lib_prefix='sed -n -e '\''s/^: \([^ ]*\) $/  {\"\1\", (void *) 0},/p'\'' -e '\''s/^[ABCDGIRSTW]* \([^ ]*\) \(lib[^ ]*\)$/  {"\2", (void *) \&\2},/p'\'' -e '\''s/^[ABCDGIRSTW]* \([^ ]*\) \([^ ]*\)$/  {"lib\2", (void *) \&\2},/p'\'''
lt_cv_sys_global_symbol_to_cdecl='sed -n -e '\''s/^T .* \(.*\)$/extern int \1();/p'\'' -e '\''s/^[ABCDGIRSTW]* .* \(.*\)$/extern char \1;/p'\'''
lt_cv_sys_max_cmd_len=1572864

## ----------------- ##
## Output variables. ##
## ----------------- ##

ACLOCAL='${SHELL} /home/toka/dv/parse/java-front-python/config/missing --run aclocal-1.11'
AMDEPBACKSLASH='\'
AMDEP_FALSE='#'
AMDEP_TRUE=''
AMTAR='${SHELL} /home/toka/dv/parse/java-front-python/config/missing --run tar'
AR='ar'
ASFIX_TOOLS='$(STRATEGOXT)'
ASF_LIBRARY='$(SDF)'
ATERM='/usr'
ATERM_CFLAGS='-I$(ATERM)/include'
ATERM_FRONT='$(STRATEGOXT)'
ATERM_LIBS='-L$(ATERM)/lib -lATerm -lm'
ATERM_STRCFLAGS=''
ATERM_XTC=''
AUTOCONF='${SHELL} /home/toka/dv/parse/java-front-python/config/missing --run autoconf'
AUTOHEADER='${SHELL} /home/toka/dv/parse/java-front-python/config/missing --run autoheader'
AUTOMAKE='${SHELL} /home/toka/dv/parse/java-front-python/config/missing --run automake-1.11'
AWK='gawk'
BUILD_REPOSITORY='/home/toka/dv/parse/java-front-python/BUILDTIME_XTC'
CC='gcc'
CCDEPMODE='depmode=gcc3'
CFLAGS='-g -O2'
CONCRETE_SYNTAX='$(STRATEGOXT)'
CPP='gcc -E'
CPPFLAGS=''
CYGPATH_W='echo'
C_TOOLS='$(STRATEGOXT)'
C_TOOLS_CFLAGS=''
C_TOOLS_LIBS=''
C_TOOLS_STRCFLAGS=''
C_TOOLS_XTC=''
DEFS='-DPACKAGE_NAME=\"java-front\" -DPACKAGE_TARNAME=\"java-front\" -DPACKAGE_VERSION=\"0.9.1\" -DPACKAGE_STRING=\"java-front\ 0.9.1\" -DPACKAGE_BUGREPORT=\"users@strategoxt.org\" -DPACKAGE_URL=\"\" -DPACKAGE=\"java-front\" -DVERSION=\"0.9.1\" -DSVN_REVISION=\"20986\" -DSTDC_HEADERS=1 -DHAVE_SYS_TYPES_H=1 -DHAVE_SYS_STAT_H=1 -DHAVE_STDLIB_H=1 -DHAVE_STRING_H=1 -DHAVE_MEMORY_H=1 -DHAVE_STRINGS_H=1 -DHAVE_INTTYPES_H=1 -DHAVE_STDINT_H=1 -DHAVE_UNISTD_H=1 -DSIZEOF_VOID_P=4 -DSIZEOF_INT=4 -DSIZEOF_LONG=4 -DSIZEOF_DOUBLE=8 -DHAVE_DLFCN_H=1 -DLT_OBJDIR=\".libs/\"'
DEPDIR='.deps'
DSYMUTIL=''
DUMPBIN=''
ECHO_C=''
ECHO_N='-n'
ECHO_T=''
EGREP='/bin/grep -E'
EXEEXT=''
FGREP='/bin/grep -F'
GPP='$(STRATEGOXT)'
GREP='/bin/grep'
INSTALL_DATA='${INSTALL} -m 644'
INSTALL_PROGRAM='${INSTALL}'
INSTALL_SCRIPT='${INSTALL}'
INSTALL_STRIP_PROGRAM='$(install_sh) -c -s'
LD='/usr/bin/ld'
LDFLAGS=''
LIBOBJS=''
LIBS=''
LIBTOOL='$(SHELL) $(top_builddir)/libtool'
LIPO=''
LN_S='ln -s'
LTLIBOBJS=''
MAKEINFO='${SHELL} /home/toka/dv/parse/java-front-python/config/missing --run makeinfo'
MKDIR_P='/bin/mkdir -p'
NM='/usr/bin/nm -B'
NMEDIT=''
OBJDUMP='objdump'
OBJEXT='o'
OTOOL64=''
OTOOL=''
PACKAGE='java-front'
PACKAGE_BUGREPORT='users@strategoxt.org'
PACKAGE_NAME='java-front'
PACKAGE_STRING='java-front 0.9.1'
PACKAGE_TARNAME='java-front'
PACKAGE_URL=''
PACKAGE_VERSION='0.9.1pre20986'
PATH_SEPARATOR=':'
PGEN='$(SDF)'
PKG_CONFIG='/usr/bin/pkg-config'
PT_SUPPORT='$(SDF)'
RANLIB='ranlib'
REPOSITORY='${datarootdir}/java-front/XTC'
SCOMPILE='$(STRC)/bin/strc'
SDF='/usr'
SDF_CFLAGS=''
SDF_FRONT='$(STRATEGOXT)'
SDF_LIBRARY='$(SDF)'
SDF_LIBS=''
SDF_STRCFLAGS=''
SDF_TOOLS='$(STRATEGOXT)'
SDF_XTC=''
SED='/bin/sed'
SET_MAKE=''
SGLR='$(SDF)'
SHELL='/bin/sh'
SRTS='$(STRATEGO_RUNTIME)'
STRATEGOXT='/usr'
STRATEGOXT_CFLAGS=''
STRATEGOXT_LIBS=''
STRATEGOXT_STRCFLAGS=''
STRATEGOXT_XTC='$(STRATEGOXT)/share/strategoxt/XTC'
STRATEGO_ATERM='$(STRATEGO_LIBRARIES)'
STRATEGO_ATERM_CFLAGS=''
STRATEGO_ATERM_LIBS='-L$(STRATEGO_ATERM)/lib -lstratego-aterm'
STRATEGO_ATERM_STRCFLAGS='-I $(STRATEGO_ATERM)/share'
STRATEGO_ATERM_XTC=''
STRATEGO_FRONT='$(STRATEGOXT)'
STRATEGO_GPP='$(STRATEGO_LIBRARIES)'
STRATEGO_GPP_CFLAGS=''
STRATEGO_GPP_LIBS='-L$(STRATEGO_GPP)/lib -lstratego-gpp'
STRATEGO_GPP_STRCFLAGS='-I $(STRATEGO_GPP)/share'
STRATEGO_GPP_XTC=''
STRATEGO_LIB='$(STRATEGO_LIBRARIES)'
STRATEGO_LIBRARIES='/usr'
STRATEGO_LIB_CFLAGS='-I$(STRATEGO_LIB)/include -I$(STRATEGO_RUNTIME)/include -I$(ATERM)/include'
STRATEGO_LIB_LIBS='-L$(STRATEGO_LIB)/lib -lstratego-lib -lstratego-lib-native -lm'
STRATEGO_LIB_STRCFLAGS='-I $(STRATEGO_LIB)/share/stratego-lib'
STRATEGO_LIB_XTC=''
STRATEGO_REGULAR='$(STRATEGOXT)'
STRATEGO_RTG='$(STRATEGO_LIBRARIES)'
STRATEGO_RTG_CFLAGS=''
STRATEGO_RTG_LIBS='-L$(STRATEGO_RTG)/lib -lstratego-rtg'
STRATEGO_RTG_STRCFLAGS='-I $(STRATEGO_RTG)/share'
STRATEGO_RTG_XTC=''
STRATEGO_RUNTIME='$(STRATEGO_LIBRARIES)'
STRATEGO_RUNTIME_CFLAGS='-I$(STRATEGO_RUNTIME)/include'
STRATEGO_RUNTIME_LIBS='-L$(STRATEGO_RUNTIME)/lib -lstratego-runtime -lm'
STRATEGO_RUNTIME_STRCFLAGS=''
STRATEGO_RUNTIME_XTC=''
STRATEGO_SDF='$(STRATEGO_LIBRARIES)'
STRATEGO_SDF_CFLAGS=''
STRATEGO_SDF_LIBS='-L$(STRATEGO_SDF)/lib -lstratego-sdf'
STRATEGO_SDF_STRCFLAGS='-I $(STRATEGO_SDF)/share'
STRATEGO_SDF_XTC=''
STRATEGO_SGLR='$(STRATEGO_LIBRARIES)'
STRATEGO_SGLR_CFLAGS=''
STRATEGO_SGLR_LIBS='-L$(STRATEGO_SGLR)/lib -lstratego-sglr'
STRATEGO_SGLR_STRCFLAGS='-I $(STRATEGO_SGLR)/share'
STRATEGO_SGLR_XTC=''
STRATEGO_TOOL_DOC='$(STRATEGO_LIBRARIES)'
STRATEGO_TOOL_DOC_CFLAGS=''
STRATEGO_TOOL_DOC_LIBS='-L$(STRATEGO_TOOL_DOC)/lib -lstratego-tool-doc'
STRATEGO_TOOL_DOC_STRCFLAGS='-I $(STRATEGO_TOOL_DOC)/share'
STRATEGO_TOOL_DOC_XTC=''
STRATEGO_XTC='$(STRATEGO_LIBRARIES)'
STRATEGO_XTC_CFLAGS=''
STRATEGO_XTC_LIBS='-L$(STRATEGO_XTC)/lib -lstratego-xtc'
STRATEGO_XTC_STRCFLAGS='-I $(STRATEGO_XTC)/share'
STRATEGO_XTC_XTC=''
STRC='$(STRATEGOXT)'
STRIP='strip'
STR_CFLAGS=' -Wall -Wno-unused-label -Wno-unused-variable -Wno-unused-function -Wno-unused-parameter'
STR_LDFLAGS=''
SVN_REVISION='20986'
VERSION='0.9.1pre20986'
XML_FRONT='$(STRATEGOXT)'
XTC='$(STRATEGOXT)'
XTC_CFLAGS=''
XTC_LIBS='$(STRATEGO_XTC_LIBS)'
XTC_PROG='$(XTC)/bin/xtc'
XTC_STRCFLAGS='$(STRATEGO_XTC_STRCFLAGS)'
XTC_XTC=''
XT_BOOTSTRAP_FALSE='#'
XT_BOOTSTRAP_TRUE=''
XT_DARWIN_FALSE=''
XT_DARWIN_TRUE='#'
XT_STD_C99_FALSE=''
XT_STD_C99_TRUE='#'
XT_STD_NONE_FALSE='#'
XT_STD_NONE_TRUE=''
XT_STD_POSIX_FALSE=''
XT_STD_POSIX_TRUE='#'
XT_STD_POSIX_XSI_FALSE=''
XT_STD_POSIX_XSI_TRUE='#'
XT_XTC_REGISTER_FALSE='#'
XT_XTC_REGISTER_TRUE=''
ac_ct_CC='gcc'
ac_ct_DUMPBIN=''
am__EXEEXT_FALSE=''
am__EXEEXT_TRUE='#'
am__fastdepCC_FALSE='#'
am__fastdepCC_TRUE=''
am__include='include'
am__isrc=''
am__leading_dot='.'
am__quote=''
am__tar='${AMTAR} chof - "$$tardir"'
am__untar='${AMTAR} xf -'
bindir='${exec_prefix}/bin'
build='i686-pc-linux-gnu'
build_alias=''
build_cpu='i686'
build_os='linux-gnu'
build_vendor='pc'
datadir='${datarootdir}'
datarootdir='${prefix}/share'
docdir='${datarootdir}/doc/${PACKAGE_TARNAME}'
dvidir='${docdir}'
exec_prefix='${prefix}'
host='i686-pc-linux-gnu'
host_alias=''
host_cpu='i686'
host_os='linux-gnu'
host_vendor='pc'
htmldir='${docdir}'
includedir='${prefix}/include'
infodir='${datarootdir}/info'
install_sh='${SHELL} /home/toka/dv/parse/java-front-python/config/install-sh'
libdir='${exec_prefix}/lib'
libexecdir='${exec_prefix}/libexec'
localedir='${datarootdir}/locale'
localstatedir='${prefix}/var'
lt_ECHO='echo'
mandir='${datarootdir}/man'
mkdir_p='/bin/mkdir -p'
oldincludedir='/usr/include'
pdfdir='${docdir}'
prefix='/usr'
program_transform_name='s,x,x,'
psdir='${docdir}'
sbindir='${exec_prefix}/sbin'
sharedstatedir='${prefix}/com'
subdirs=' syntax'
sysconfdir='${prefix}/etc'
target_alias=''

## ----------- ##
## confdefs.h. ##
## ----------- ##

/* confdefs.h */
#define PACKAGE_NAME "java-front"
#define PACKAGE_TARNAME "java-front"
#define PACKAGE_VERSION "0.9.1"
#define PACKAGE_STRING "java-front 0.9.1"
#define PACKAGE_BUGREPORT "users@strategoxt.org"
#define PACKAGE_URL ""
#define PACKAGE "java-front"
#define VERSION "0.9.1"
#define SVN_REVISION "20986"
#define STDC_HEADERS 1
#define HAVE_SYS_TYPES_H 1
#define HAVE_SYS_STAT_H 1
#define HAVE_STDLIB_H 1
#define HAVE_STRING_H 1
#define HAVE_MEMORY_H 1
#define HAVE_STRINGS_H 1
#define HAVE_INTTYPES_H 1
#define HAVE_STDINT_H 1
#define HAVE_UNISTD_H 1
#define SIZEOF_VOID_P 4
#define SIZEOF_INT 4
#define SIZEOF_LONG 4
#define SIZEOF_DOUBLE 8
#define HAVE_DLFCN_H 1
#define LT_OBJDIR ".libs/"

configure: exit 0

## ---------------------- ##
## Running config.status. ##
## ---------------------- ##

This file was extended by java-front config.status 0.9.1, which was
generated by GNU Autoconf 2.64.  Invocation command line was

  CONFIG_FILES    = 
  CONFIG_HEADERS  = 
  CONFIG_LINKS    = 
  CONFIG_COMMANDS = 
  $ ./config.status lib/Makefile depfiles

on dell

config.status:1105: creating lib/Makefile
config.status:1268: executing depfiles commands

## ---------------------- ##
## Running config.status. ##
## ---------------------- ##

This file was extended by java-front config.status 0.9.1, which was
generated by GNU Autoconf 2.64.  Invocation command line was

  CONFIG_FILES    = 
  CONFIG_HEADERS  = 
  CONFIG_LINKS    = 
  CONFIG_COMMANDS = 
  $ ./config.status tools/Makefile depfiles

on dell

config.status:1105: creating tools/Makefile
config.status:1268: executing depfiles commands
