This file contains any messages produced by compilers while
running configure, to aid debugging if configure makes a mistake.

It was created by java-front-syntax configure 0.1, which was
generated by GNU Autoconf 2.64.  Invocation command line was

  $ ./configure --disable-option-checking --prefix=/usr --with-aterm=/usr --with-sdf=/usr --with-strategoxt=/usr --enable-bootstrap --cache-file=/dev/null --srcdir=.

## --------- ##
## Platform. ##
## --------- ##

hostname = dell
uname -m = i686
uname -r = 2.6.31-21-generic
uname -s = Linux
uname -v = #59-Ubuntu SMP Wed Mar 24 07:28:56 UTC 2010

/usr/bin/uname -p = unknown
/bin/uname -X     = unknown

/bin/arch              = unknown
/usr/bin/arch -k       = unknown
/usr/convex/getsysinfo = unknown
/usr/bin/hostinfo      = unknown
/bin/machine           = unknown
/usr/bin/oslevel       = unknown
/bin/universe          = unknown

PATH: /home/toka/bin
PATH: /usr/local/sbin
PATH: /usr/local/bin
PATH: /usr/sbin
PATH: /usr/bin
PATH: /sbin
PATH: /bin
PATH: /usr/games


## ----------- ##
## Core tests. ##
## ----------- ##

configure:1753: checking for a BSD-compatible install
configure:1821: result: /usr/bin/install -c
configure:1832: checking whether build environment is sane
configure:1882: result: yes
configure:2023: checking for a thread-safe mkdir -p
configure:2062: result: /bin/mkdir -p
configure:2075: checking for gawk
configure:2091: found /usr/bin/gawk
configure:2102: result: gawk
configure:2113: checking whether make sets $(MAKE)
configure:2135: result: yes
configure:2217: checking whether ln -s works
configure:2221: result: yes
configure:2279: checking for pkg-config
configure:2297: found /usr/bin/pkg-config
configure:2309: result: /usr/bin/pkg-config
configure:2334: checking pkg-config is at least version 0.9.0
configure:2337: result: yes
configure:2387: checking whether bootstrap build is enabled
configure:2390: result: yes
configure:2393: checking whether location of Stratego/XT is explicitly set
configure:2396: result: yes
configure:2504: checking whether location of SDF Packages is explicitly set
configure:2507: result: yes
configure:2780: creating ./config.status

## ---------------------- ##
## Running config.status. ##
## ---------------------- ##

This file was extended by java-front-syntax config.status 0.1, which was
generated by GNU Autoconf 2.64.  Invocation command line was

  CONFIG_FILES    = 
  CONFIG_HEADERS  = 
  CONFIG_LINKS    = 
  CONFIG_COMMANDS = 
  $ ./config.status 

on dell

config.status:754: creating Makefile
config.status:754: creating src/Makefile

## ---------------- ##
## Cache variables. ##
## ---------------- ##

ac_cv_env_PKG_CONFIG_set=
ac_cv_env_PKG_CONFIG_value=
ac_cv_env_SDF_CFLAGS_set=
ac_cv_env_SDF_CFLAGS_value=
ac_cv_env_SDF_LIBS_set=
ac_cv_env_SDF_LIBS_value=
ac_cv_env_STRATEGOXT_CFLAGS_set=
ac_cv_env_STRATEGOXT_CFLAGS_value=
ac_cv_env_STRATEGOXT_LIBS_set=
ac_cv_env_STRATEGOXT_LIBS_value=
ac_cv_env_build_alias_set=
ac_cv_env_build_alias_value=
ac_cv_env_host_alias_set=
ac_cv_env_host_alias_value=
ac_cv_env_target_alias_set=
ac_cv_env_target_alias_value=
ac_cv_path_ac_pt_PKG_CONFIG=/usr/bin/pkg-config
ac_cv_path_install='/usr/bin/install -c'
ac_cv_path_mkdir=/bin/mkdir
ac_cv_prog_AWK=gawk
ac_cv_prog_make_make_set=yes

## ----------------- ##
## Output variables. ##
## ----------------- ##

ACLOCAL='${SHELL} /home/toka/dv/parse/java-front-python/syntax/config/missing --run aclocal-1.11'
AMTAR='${SHELL} /home/toka/dv/parse/java-front-python/syntax/config/missing --run tar'
AUTOCONF='${SHELL} /home/toka/dv/parse/java-front-python/syntax/config/missing --run autoconf'
AUTOHEADER='${SHELL} /home/toka/dv/parse/java-front-python/syntax/config/missing --run autoheader'
AUTOMAKE='${SHELL} /home/toka/dv/parse/java-front-python/syntax/config/missing --run automake-1.11'
AWK='gawk'
CYGPATH_W='echo'
DEFS='-DPACKAGE_NAME=\"java-front-syntax\" -DPACKAGE_TARNAME=\"java-front-syntax\" -DPACKAGE_VERSION=\"0.1\" -DPACKAGE_STRING=\"java-front-syntax\ 0.1\" -DPACKAGE_BUGREPORT=\"stratego@cs.uu.nl\" -DPACKAGE_URL=\"\" -DPACKAGE=\"java-front-syntax\" -DVERSION=\"0.1\"'
ECHO_C=''
ECHO_N='-n'
ECHO_T=''
GENSDFMIX='$(STRATEGOXT)/bin/gen-sdf-mix'
INSTALL_DATA='${INSTALL} -m 644'
INSTALL_PROGRAM='${INSTALL}'
INSTALL_SCRIPT='${INSTALL}'
INSTALL_STRIP_PROGRAM='$(install_sh) -c -s'
LIBOBJS=''
LIBS=''
LN_S='ln -s'
LTLIBOBJS=''
MAKEINFO='${SHELL} /home/toka/dv/parse/java-front-python/syntax/config/missing --run makeinfo'
MKDIR_P='/bin/mkdir -p'
PACKAGE='java-front-syntax'
PACKAGE_BUGREPORT='stratego@cs.uu.nl'
PACKAGE_NAME='java-front-syntax'
PACKAGE_STRING='java-front-syntax 0.1'
PACKAGE_TARNAME='java-front-syntax'
PACKAGE_URL=''
PACKAGE_VERSION='0.1'
PACKSDF='$(STRATEGOXT)/bin/pack-sdf'
PARSEUNIT='$(STRATEGOXT)/bin/parse-unit'
PATH_SEPARATOR=':'
PKG_CONFIG='/usr/bin/pkg-config'
SDF2RTG='$(STRATEGOXT)/bin/sdf2rtg'
SDF2TABLE='$(SDF)/bin/sdf2table'
SDF='/usr'
SDF_CFLAGS=''
SDF_LIBS=''
SET_MAKE=''
SGLR='$(SDF)/bin/sglr'
SHELL='/bin/sh'
STRATEGOXT='/usr'
STRATEGOXT_CFLAGS=''
STRATEGOXT_LIBS=''
STRIP=''
VERSION='0.1'
XT_BOOTSTRAP_FALSE='#'
XT_BOOTSTRAP_TRUE=''
am__isrc=''
am__leading_dot='.'
am__tar='${AMTAR} chof - "$$tardir"'
am__untar='${AMTAR} xf -'
bindir='${exec_prefix}/bin'
build_alias=''
datadir='${datarootdir}'
datarootdir='${prefix}/share'
docdir='${datarootdir}/doc/${PACKAGE_TARNAME}'
dvidir='${docdir}'
exec_prefix='${prefix}'
host_alias=''
htmldir='${docdir}'
includedir='${prefix}/include'
infodir='${datarootdir}/info'
install_sh='${SHELL} /home/toka/dv/parse/java-front-python/syntax/config/install-sh'
libdir='${exec_prefix}/lib'
libexecdir='${exec_prefix}/libexec'
localedir='${datarootdir}/locale'
localstatedir='${prefix}/var'
mandir='${datarootdir}/man'
mkdir_p='/bin/mkdir -p'
oldincludedir='/usr/include'
pdfdir='${docdir}'
prefix='/usr'
program_transform_name='s,x,x,'
psdir='${docdir}'
sbindir='${exec_prefix}/sbin'
sharedstatedir='${prefix}/com'
sysconfdir='${prefix}/etc'
target_alias=''

## ----------- ##
## confdefs.h. ##
## ----------- ##

/* confdefs.h */
#define PACKAGE_NAME "java-front-syntax"
#define PACKAGE_TARNAME "java-front-syntax"
#define PACKAGE_VERSION "0.1"
#define PACKAGE_STRING "java-front-syntax 0.1"
#define PACKAGE_BUGREPORT "stratego@cs.uu.nl"
#define PACKAGE_URL ""
#define PACKAGE "java-front-syntax"
#define VERSION "0.1"

configure: exit 0
